<?xml version="1.0" encoding="UTF-8"?>
<!-- Generated by org.testng.reporters.JUnitReportReporter -->
<testsuite hostname="Victus" failures="0" tests="1" name="test.TestNG_demo2" time="6.075" errors="0" timestamp="2024-07-11T11:27:39 WIB" skipped="0">
  <testcase classname="test.TestNG_demo2" name="googleSearch2" time="6.075"/>
</testsuite> <!-- test.TestNG_demo2 -->
