<?xml version="1.0" encoding="UTF-8"?>
<!-- Generated by org.testng.reporters.JUnitReportReporter -->
<testsuite hostname="Victus" failures="0" tests="2" name="listeners.TestNGlistenerDemo" time="0.011" errors="0" timestamp="2024-07-16T10:39:37 WIB" skipped="0">
  <testcase classname="listeners.TestNGlistenerDemo" name="test1" time="0.007"/>
  <testcase classname="listeners.TestNGlistenerDemo" name="test2" time="0.004"/>
</testsuite> <!-- listeners.TestNGlistenerDemo -->
