<?xml version="1.0" encoding="UTF-8"?>
<!-- Generated by org.testng.reporters.JUnitReportReporter -->
<testsuite hostname="Victus" failures="0" tests="2" name="test.ExtentReportsDemoWithTestNG" time="2.884" errors="0" timestamp="2024-07-11T12:33:32 WIB" skipped="0">
  <testcase classname="test.ExtentReportsDemoWithTestNG" name="test2" time="0.001"/>
  <testcase classname="test.ExtentReportsDemoWithTestNG" name="test1" time="2.883"/>
</testsuite> <!-- test.ExtentReportsDemoWithTestNG -->
